## דו"ח שלב 1 — הרמב"ם

נכתב לקובץ `/home/ubuntu/torah-research/findings_1_rambam.md`.

### שורת התחתית
**הרמב"ם סוגר לחלוטין את האפשרות של מצווה ביוזמת משה.** ארבע משוכות שמתחברות יחד:

1. **יסודי התורה ז:ו** — משה הוא "לבלר שקורין לפניו והוא כותב", בלא מלאך, פה אל פה. אין לו פֶּה עצמאי.
2. **עיקר ח'** — "כל התורה כֻּלָּהּ מפי הגבורה" — אפילו שמות בני חם, קל וחומר מצוות.
3. **מורה נבוכים ב:ל"ג** — מנטרל את המקור הסותר־לכאורה (מכות כ"ד, "אנכי ולא יהיה לך מפי הגבורה שמענום") בקריאה אפיסטמולוגית ולא אונטולוגית.
4. **עיקר ט'** — "לא תוסיף... ולא תגרע" — אין שום מנגנון להוספת מצווה, גם לא בידי משה.

### ממצא חשוב על איסור ההבערה
הרמב"ם **בעצמו** מסיט את שמות לה:ג מהפירוש הפשוט: בספר המצוות **לאו שכ"ב** הוא קורא את הפסוק כ**אזהרה לבית דין שלא להוציא להורג בשריפה בשבת**, ולא כאיסור הבערה פרטי. את איסור ההבערה הפרטי הוא מציב ב**משנה תורה הלכות שבת י"ב:א** כ"מבעיר" — אב מלאכה מכלל ל"ט המלאכות, היונק מ"לא תעשה כל מלאכה" (שמות כ:י) שיש לו מקור A־frame ישיר במעמד הר סיני.

### הסתייגות שאסור לפספס
הרמב"ם **אינו פותר את שאלת תומר בדרך שהמנהל ירצה**. הוא לא טוען ש"כל המצוות מופיעות תחילה ב־A־frame ואז חוזרות ב־B־frame". אדרבה — הוא טוען שזה לא משנה: גם אם מצווה הופיעה רק מפי משה, היא **בדיוק** דבר ה'. הוא עונה ברמה התיאולוגית, לא הטקסטואלית. **לכן השאלה הטקסטואלית עדיין פתוחה לשלב ב'.**

Sources:
- [Yesodei haTorah Chapter 7 — Chabad](https://www.chabad.org/library/article_cdo/aid/904991/jewish/Yesodei-haTorah-Chapter-7.htm)
- [Yesodei haTorah Chapter 8 — Chabad](https://www.chabad.org/library/article_cdo/aid/904992/jewish/Yesodei-haTorah-Chapter-Eight.htm)
- [Yesodei haTorah Chapter 9 — Chabad](https://www.chabad.org/library/article_cdo/aid/904993/jewish/Yesodei-haTorah-Chapter-Nine.htm)
- [Maimonides 8th Principle — Aish](https://aish.com/48925267/)
- [Maimonides 9th Principle: Uniqueness of Torah — Aish](https://aish.com/maimonides-9-the-uniqueness-of-torah/)
- [Negative Commandment 322 (Fire on Shabbat) — Chabad](https://www.chabad.org/library/article_cdo/aid/940345/jewish/Negative-Commandment-322.htm)
- [Sefer Hamitzvot — Wikipedia](https://en.wikipedia.org/wiki/Sefer_Hamitzvot)
- [Maimonides' Introduction to Sefer Hamitzvot — Chabad](https://www.chabad.org/library/article_cdo/aid/9799/jewish/Maimonides-Introduction-to-Sefer-Hamitzvot.htm)
- [Eternity of Torah — Etzion VBM](https://etzion.org.il/en/philosophy/issues-jewish-thought/issues-mussar-and-faith/eternity-torah-part-i)
- [The Explanatory Commandments — Hakirah Vol. 13 (Friedberg)](https://hakirah.org/vol13friedberg.pdf)
